This is pdfTeX, Version 3.141592653-2.6-1.40.26 (MiKTeX 24.4) (preloaded format=pdflatex 2024.9.2)  6 NOV 2024 20:50
entering extended mode
 restricted \write18 enabled.
 %&-line parsing enabled.
**./main.tex
(main.tex
LaTeX2e <2024-06-01> patch level 2
L3 programming layer <2024-08-16>

LaTeX Warning: \include should only be used after \begin{document} on input lin
e 3.

(preamble.tex
(C:\Users\carli\AppData\Local\Programs\MiKTeX\tex/latex/base\report.cls
Document Class: report 2024/02/08 v1.4n Standard LaTeX document class
(C:\Users\carli\AppData\Local\Programs\MiKTeX\tex/latex/base\size12.clo
File: size12.clo 2024/02/08 v1.4n Standard LaTeX file (size option)
)
\c@part=\count194
\c@chapter=\count195
\c@section=\count196
\c@subsection=\count197
\c@subsubsection=\count198
\c@paragraph=\count199
\c@subparagraph=\count266
\c@figure=\count267
\c@table=\count268
\abovecaptionskip=\skip49
\belowcaptionskip=\skip50
\bibindent=\dimen141
)
(C:\Users\carli\AppData\Local\Programs\MiKTeX\tex/latex/pdfpages\pdfpages.sty
Package: pdfpages 2024/10/28 v0.6c Insert pages of external PDF documents (AM)

(C:\Users\carli\AppData\Local\Programs\MiKTeX\tex/latex/base\ifthen.sty
Package: ifthen 2024/03/16 v1.1e Standard LaTeX ifthen package (DPC)
)
(C:\Users\carli\AppData\Local\Programs\MiKTeX\tex/latex/tools\calc.sty
Package: calc 2023/07/08 v4.3 Infix arithmetic (KKT,FJ)
\calc@Acount=\count269
\calc@Bcount=\count270
\calc@Adimen=\dimen142
\calc@Bdimen=\dimen143
\calc@Askip=\skip51
\calc@Bskip=\skip52
LaTeX Info: Redefining \setlength on input line 80.
LaTeX Info: Redefining \addtolength on input line 81.
\calc@Ccount=\count271
\calc@Cskip=\skip53
)
(C:\Users\carli\AppData\Local\Programs\MiKTeX\tex/latex/eso-pic\eso-pic.sty
Package: eso-pic 2023/05/03 v3.0c eso-pic (RN)
\ESO@tempdima=\dimen144
\ESO@tempdimb=\dimen145

(C:\Users\carli\AppData\Local\Programs\MiKTeX\tex/latex/graphics\keyval.sty
Package: keyval 2022/05/29 v1.15 key=value parser (DPC)
\KV@toks@=\toks17
)
(C:\Users\carli\AppData\Local\Programs\MiKTeX\tex/latex/xcolor\xcolor.sty
Package: xcolor 2023/11/15 v3.01 LaTeX color extensions (UK)

(C:\Users\carli\AppData\Local\Programs\MiKTeX\tex/latex/graphics-cfg\color.cfg
File: color.cfg 2016/01/02 v1.6 sample color configuration
)
Package xcolor Info: Driver file: pdftex.def on input line 274.

(C:\Users\carli\AppData\Local\Programs\MiKTeX\tex/latex/graphics-def\pdftex.def
File: pdftex.def 2024/04/13 v1.2c Graphics/color driver for pdftex
)
(C:\Users\carli\AppData\Local\Programs\MiKTeX\tex/latex/graphics\mathcolor.ltx)
Package xcolor Info: Model `cmy' substituted by `cmy0' on input line 1350.
Package xcolor Info: Model `hsb' substituted by `rgb' on input line 1354.
Package xcolor Info: Model `RGB' extended on input line 1366.
Package xcolor Info: Model `HTML' substituted by `rgb' on input line 1368.
Package xcolor Info: Model `Hsb' substituted by `hsb' on input line 1369.
Package xcolor Info: Model `tHsb' substituted by `hsb' on input line 1370.
Package xcolor Info: Model `HSB' substituted by `hsb' on input line 1371.
Package xcolor Info: Model `Gray' substituted by `gray' on input line 1372.
Package xcolor Info: Model `wave' substituted by `hsb' on input line 1373.
))
(C:\Users\carli\AppData\Local\Programs\MiKTeX\tex/latex/graphics\graphicx.sty
Package: graphicx 2021/09/16 v1.2d Enhanced LaTeX Graphics (DPC,SPQR)

(C:\Users\carli\AppData\Local\Programs\MiKTeX\tex/latex/graphics\graphics.sty
Package: graphics 2024/05/23 v1.4g Standard LaTeX Graphics (DPC,SPQR)

(C:\Users\carli\AppData\Local\Programs\MiKTeX\tex/latex/graphics\trig.sty
Package: trig 2023/12/02 v1.11 sin cos tan (DPC)
)
(C:\Users\carli\AppData\Local\Programs\MiKTeX\tex/latex/graphics-cfg\graphics.c
fg
File: graphics.cfg 2016/06/04 v1.11 sample graphics configuration
)
Package graphics Info: Driver file: pdftex.def on input line 106.
)
\Gin@req@height=\dimen146
\Gin@req@width=\dimen147
)
\AM@pagewidth=\dimen148
\AM@pageheight=\dimen149
\AM@fboxrule=\dimen150

(C:\Users\carli\AppData\Local\Programs\MiKTeX\tex/latex/pdfpages\pppdftex.def
File: pppdftex.def 2024/10/28 v0.6c Pdfpages driver for pdfTeX (AM)
)
\pdfpages@includegraphics@status=\count272
\AM@pagebox=\box52
\AM@global@opts=\toks18
\AM@pagecnt=\count273
\AM@toc@title=\toks19
\AM@lof@heading=\toks20
\c@AM@survey=\count274
\AM@templatesizebox=\box53
) (C:\Users\carli\AppData\Local\Programs\MiKTeX\tex/latex/apacite\apacite.sty
Package: apacite 2013/07/21 v6.03 APA citation
\c@BibCnt=\count275
\bibleftmargin=\skip54
\bibindent=\skip55
\bibparsep=\skip56
\bibitemsep=\skip57
\biblabelsep=\skip58
)
(C:\Users\carli\AppData\Local\Programs\MiKTeX\tex/latex/amsmath\amsmath.sty
Package: amsmath 2024/05/23 v2.17q AMS math features
\@mathmargin=\skip59

For additional information on amsmath, use the `?' option.
(C:\Users\carli\AppData\Local\Programs\MiKTeX\tex/latex/amsmath\amstext.sty
Package: amstext 2021/08/26 v2.01 AMS text

(C:\Users\carli\AppData\Local\Programs\MiKTeX\tex/latex/amsmath\amsgen.sty
File: amsgen.sty 1999/11/30 v2.0 generic functions
\@emptytoks=\toks21
\ex@=\dimen151
))
(C:\Users\carli\AppData\Local\Programs\MiKTeX\tex/latex/amsmath\amsbsy.sty
Package: amsbsy 1999/11/29 v1.2d Bold Symbols
\pmbraise@=\dimen152
)
(C:\Users\carli\AppData\Local\Programs\MiKTeX\tex/latex/amsmath\amsopn.sty
Package: amsopn 2022/04/08 v2.04 operator names
)
\inf@bad=\count276
LaTeX Info: Redefining \frac on input line 233.
\uproot@=\count277
\leftroot@=\count278
LaTeX Info: Redefining \overline on input line 398.
LaTeX Info: Redefining \colon on input line 409.
\classnum@=\count279
\DOTSCASE@=\count280
LaTeX Info: Redefining \ldots on input line 495.
LaTeX Info: Redefining \dots on input line 498.
LaTeX Info: Redefining \cdots on input line 619.
\Mathstrutbox@=\box54
\strutbox@=\box55
LaTeX Info: Redefining \big on input line 721.
LaTeX Info: Redefining \Big on input line 722.
LaTeX Info: Redefining \bigg on input line 723.
LaTeX Info: Redefining \Bigg on input line 724.
\big@size=\dimen153
LaTeX Font Info:    Redeclaring font encoding OML on input line 742.
LaTeX Font Info:    Redeclaring font encoding OMS on input line 743.
\macc@depth=\count281
LaTeX Info: Redefining \bmod on input line 904.
LaTeX Info: Redefining \pmod on input line 909.
LaTeX Info: Redefining \smash on input line 939.
LaTeX Info: Redefining \relbar on input line 969.
LaTeX Info: Redefining \Relbar on input line 970.
\c@MaxMatrixCols=\count282
\dotsspace@=\muskip17
\c@parentequation=\count283
\dspbrk@lvl=\count284
\tag@help=\toks22
\row@=\count285
\column@=\count286
\maxfields@=\count287
\andhelp@=\toks23
\eqnshift@=\dimen154
\alignsep@=\dimen155
\tagshift@=\dimen156
\tagwidth@=\dimen157
\totwidth@=\dimen158
\lineht@=\dimen159
\@envbody=\toks24
\multlinegap=\skip60
\multlinetaggap=\skip61
\mathdisplay@stack=\toks25
LaTeX Info: Redefining \[ on input line 2953.
LaTeX Info: Redefining \] on input line 2954.
)
(C:\Users\carli\AppData\Local\Programs\MiKTeX\tex/latex/amsfonts\amsfonts.sty
Package: amsfonts 2013/01/14 v3.01 Basic AMSFonts support
\symAMSa=\mathgroup4
\symAMSb=\mathgroup5
LaTeX Font Info:    Redeclaring math symbol \hbar on input line 98.
LaTeX Font Info:    Overwriting math alphabet `\mathfrak' in version `bold'
(Font)                  U/euf/m/n --> U/euf/b/n on input line 106.
)
(C:\Users\carli\AppData\Local\Programs\MiKTeX\tex/latex/amsfonts\amssymb.sty
Package: amssymb 2013/01/14 v3.01 AMS font symbols
)
(C:\Users\carli\AppData\Local\Programs\MiKTeX\tex/latex/tools\verbatim.sty
Package: verbatim 2024-01-22 v1.5x LaTeX2e package for verbatim enhancements
\every@verbatim=\toks26
\verbatim@line=\toks27
\verbatim@in@stream=\read2
)
(C:\Users\carli\AppData\Local\Programs\MiKTeX\tex/latex/url\url.sty
\Urlmuskip=\muskip18
Package: url 2013/09/16  ver 3.4  Verb mode for urls, etc.
)
(C:\Users\carli\AppData\Local\Programs\MiKTeX\tex/latex/adjustbox\adjustbox.sty
Package: adjustbox 2022/10/17 v1.3a Adjusting TeX boxes (trim, clip, ...)
(C:\Users\carli\AppData\Local\Programs\MiKTeX\tex/latex/xkeyval\xkeyval.sty
Package: xkeyval 2022/06/16 v2.9 package option processing (HA)

(C:\Users\carli\AppData\Local\Programs\MiKTeX\tex/generic/xkeyval\xkeyval.tex
(C:\Users\carli\AppData\Local\Programs\MiKTeX\tex/generic/xkeyval\xkvutils.tex
\XKV@toks=\toks28
\XKV@tempa@toks=\toks29
)
\XKV@depth=\count288
File: xkeyval.tex 2014/12/03 v2.7a key=value parser (HA)
))
(C:\Users\carli\AppData\Local\Programs\MiKTeX\tex/latex/adjustbox\adjcalc.sty
Package: adjcalc 2012/05/16 v1.1 Provides advanced setlength with multiple back
-ends (calc, etex, pgfmath)
)
(C:\Users\carli\AppData\Local\Programs\MiKTeX\tex/latex/adjustbox\trimclip.sty
Package: trimclip 2020/08/19 v1.2 Trim and clip general TeX material

(C:\Users\carli\AppData\Local\Programs\MiKTeX\tex/latex/collectbox\collectbox.s
ty
Package: collectbox 2022/10/17 v0.4c Collect macro arguments as boxes
\collectedbox=\box56
)
\tc@llx=\dimen160
\tc@lly=\dimen161
\tc@urx=\dimen162
\tc@ury=\dimen163
Package trimclip Info: Using driver 'tc-pdftex.def'.

(C:\Users\carli\AppData\Local\Programs\MiKTeX\tex/latex/adjustbox\tc-pdftex.def
File: tc-pdftex.def 2019/01/04 v2.2 Clipping driver for pdftex
))
\adjbox@Width=\dimen164
\adjbox@Height=\dimen165
\adjbox@Depth=\dimen166
\adjbox@Totalheight=\dimen167
\adjbox@pwidth=\dimen168
\adjbox@pheight=\dimen169
\adjbox@pdepth=\dimen170
\adjbox@ptotalheight=\dimen171

(C:\Users\carli\AppData\Local\Programs\MiKTeX\tex/latex/ifoddpage\ifoddpage.sty
Package: ifoddpage 2022/10/18 v1.2 Conditionals for odd/even page detection
\c@checkoddpage=\count289
) (C:\Users\carli\AppData\Local\Programs\MiKTeX\tex/latex/varwidth\varwidth.sty
Package: varwidth 2009/03/30 ver 0.92;  Variable-width minipages
\@vwid@box=\box57
\sift@deathcycles=\count290
\@vwid@loff=\dimen172
\@vwid@roff=\dimen173
)) (C:\Users\carli\AppData\Local\Programs\MiKTeX\tex/latex/lineno\lineno.sty
Package: lineno 2023/05/20 line numbers on paragraphs v5.3

(C:\Users\carli\AppData\Local\Programs\MiKTeX\tex/latex/etoolbox\etoolbox.sty
Package: etoolbox 2020/10/05 v2.5k e-TeX tools for LaTeX (JAW)
\etb@tempcnta=\count291
)
(C:\Users\carli\AppData\Local\Programs\MiKTeX\tex/latex/kvoptions\kvoptions.sty
Package: kvoptions 2022-06-15 v3.15 Key value format for package options (HO)
(C:\Users\carli\AppData\Local\Programs\MiKTeX\tex/generic/ltxcmds\ltxcmds.sty
Package: ltxcmds 2023-12-04 v1.26 LaTeX kernel commands for general use (HO)
)
(C:\Users\carli\AppData\Local\Programs\MiKTeX\tex/latex/kvsetkeys\kvsetkeys.sty
Package: kvsetkeys 2022-10-05 v1.19 Key value parser (HO)
))
\linenopenalty=\count292
\output=\toks30
\linenoprevgraf=\count293
\linenumbersep=\dimen174
\linenumberwidth=\dimen175
\c@linenumber=\count294
\c@pagewiselinenumber=\count295
\c@LN@truepage=\count296
\c@internallinenumber=\count297
\c@internallinenumbers=\count298
\quotelinenumbersep=\dimen176
\bframerule=\dimen177
\bframesep=\dimen178
\bframebox=\box58
\linenoamsmath@ams@eqpen=\count299
LaTeX Info: Redefining \\ on input line 3180.
)
\bibdata{myreferences}
(main.bbl

! LaTeX Error: Missing \begin{document}.

See the LaTeX manual or LaTeX Companion for explanation.
Type  H <return>  for immediate help.
 ...                                              
                                                  
l.1 \begin{thebibliography}{}
                             
You're in trouble here.  Try typing  <return>  to proceed.
If that doesn't work, type  X <return>  to quit.


! LaTeX Error: Missing \begin{document}.

See the LaTeX manual or LaTeX Companion for explanation.
Type  H <return>  for immediate help.
 ...                                              
                                                  
l.1 \begin{thebibliography}{}
                             
You're in trouble here.  Try typing  <return>  to proceed.
If that doesn't work, type  X <return>  to quit.

! Undefined control sequence.
\thebibliography ....=1000\relax \bt@beg@thb@hook 
                                                  \APACrestorebibitem 
l.1 \begin{thebibliography}{}
                             
The control sequence at the end of the top line
of your error message was never \def'ed. If you have
misspelled it (e.g., `\hobx'), type `I' and the correct
spelling (e.g., `I\hbox'). Otherwise just continue,
and I'll forget about whatever was undefined.

! Undefined control sequence.
<argument> \hyper@natanchorstart 
                                 {ahmadini2021analysis\APAC@extra@b@citeb }\...
l.10 ahmadini2021analysis}
                          
The control sequence at the end of the top line
of your error message was never \def'ed. If you have
misspelled it (e.g., `\hobx'), type `I' and the correct
spelling (e.g., `I\hbox'). Otherwise just continue,
and I'll forget about whatever was undefined.

! Undefined control sequence.
<argument> ...ACyear {2021}}}}\hyper@natanchorend 
                                                  
l.10 ahmadini2021analysis}
                          
The control sequence at the end of the top line
of your error message was never \def'ed. If you have
misspelled it (e.g., `\hobx'), type `I' and the correct
spelling (e.g., `I\hbox'). Otherwise just continue,
and I'll forget about whatever was undefined.

\bibcite{ahmadini2021analysis}{\citeauthoryear {Ahmadini\ \BOthers {.}}{Ahmadin
i\ \BOthers {.}}{{\APACyear {2021}}}}
\APACbibcite{ahmadini2021analysis}{\citeauthoryear {Ahmadini\ \BOthers {.}}{Ahm
adini\ \BOthers {.}}{{\APACyear {2021}}}}
! Undefined control sequence.
<argument> \hyper@natanchorstart 
                                 {arroyo2021tracking\APAC@extra@b@citeb }\@b...
l.44 arroyo2021tracking}
                        
The control sequence at the end of the top line
of your error message was never \def'ed. If you have
misspelled it (e.g., `\hobx'), type `I' and the correct
spelling (e.g., `I\hbox'). Otherwise just continue,
and I'll forget about whatever was undefined.

! Undefined control sequence.
<argument> ...ACyear {2021}}}}\hyper@natanchorend 
                                                  
l.44 arroyo2021tracking}
                        
The control sequence at the end of the top line
of your error message was never \def'ed. If you have
misspelled it (e.g., `\hobx'), type `I' and the correct
spelling (e.g., `I\hbox'). Otherwise just continue,
and I'll forget about whatever was undefined.

\bibcite{arroyo2021tracking}{\citeauthoryear {Arroyo-Marioli, Bullano, Kucinska
s,{}\ \BBA{} Rond{\'o}n-Moreno}{Arroyo-Marioli\ \BOthers {.}}{{\APACyear {2021}
}}}
\APACbibcite{arroyo2021tracking}{\citeauthoryear {Arroyo-Marioli, Bullano, Kuci
nskas,{}\ \BBA{} Rond{\'o}n-Moreno}{Arroyo-Marioli\ \BOthers {.}}{{\APACyear {2
021}}}}
! Undefined control sequence.
<argument> \hyper@natanchorstart 
                                 {bosano2023who\APAC@extra@b@citeb }\@biblab...
l.71 bosano2023who}
                   
The control sequence at the end of the top line
of your error message was never \def'ed. If you have
misspelled it (e.g., `\hobx'), type `I' and the correct
spelling (e.g., `I\hbox'). Otherwise just continue,
and I'll forget about whatever was undefined.

! Undefined control sequence.
<argument> ...ACyear {2023}}}}\hyper@natanchorend 
                                                  
l.71 bosano2023who}
                   
The control sequence at the end of the top line
of your error message was never \def'ed. If you have
misspelled it (e.g., `\hobx'), type `I' and the correct
spelling (e.g., `I\hbox'). Otherwise just continue,
and I'll forget about whatever was undefined.

\bibcite{bosano2023who}{\citeauthoryear {Bosano}{Bosano}{{\APACyear {2023}}}}
\APACbibcite{bosano2023who}{\citeauthoryear {Bosano}{Bosano}{{\APACyear {2023}}
}}
LaTeX Font Info:    Trying to load font information for U+msa on input line 85.

(C:\Users\carli\AppData\Local\Programs\MiKTeX\tex/latex/amsfonts\umsa.fd
File: umsa.fd 2013/01/14 v3.01 AMS symbols A
)
LaTeX Font Info:    Trying to load font information for U+msb on input line 85.


(C:\Users\carli\AppData\Local\Programs\MiKTeX\tex/latex/amsfonts\umsb.fd
File: umsb.fd 2013/01/14 v3.01 AMS symbols B
)
Underfull \hbox (badness 7649) in paragraph at lines 75--88
[]\OT1/cmr/m/n/12 Bosano, R.  (2023).  \OT1/cmr/m/it/12 Who: Ph most af-fected 
by
 []


Underfull \hbox (badness 4060) in paragraph at lines 75--88
\OT1/cmr/m/it/12 dengue in west-ern pa-cific.  \OT1/cmr/m/n/12 Re-trieved Use t
he date of ac-
 []


Underfull \hbox (badness 10000) in paragraph at lines 75--88
\OT1/cmr/m/n/12 cess, from $\OT1/cmtt/m/n/12 https : / / news . abs-[]cbn . com
 / spotlight / 12 / 22 / 23 /
 []

! Undefined control sequence.
<argument> \hyper@natanchorstart 
                                 {cheong2013assessing\APAC@extra@b@citeb }\@...
l.99 cheong2013assessing}
                         
The control sequence at the end of the top line
of your error message was never \def'ed. If you have
misspelled it (e.g., `\hobx'), type `I' and the correct
spelling (e.g., `I\hbox'). Otherwise just continue,
and I'll forget about whatever was undefined.

! Undefined control sequence.
<argument> ...ACyear {2013}}}}\hyper@natanchorend 
                                                  
l.99 cheong2013assessing}
                         
The control sequence at the end of the top line
of your error message was never \def'ed. If you have
misspelled it (e.g., `\hobx'), type `I' and the correct
spelling (e.g., `I\hbox'). Otherwise just continue,
and I'll forget about whatever was undefined.

\bibcite{cheong2013assessing}{\citeauthoryear {Cheong, Burkart, Leit{\~a}o,{}\ 
\BBA{} Lakes}{Cheong\ \BOthers {.}}{{\APACyear {2013}}}}
\APACbibcite{cheong2013assessing}{\citeauthoryear {Cheong, Burkart, Leit{\~a}o,
{}\ \BBA{} Lakes}{Cheong\ \BOthers {.}}{{\APACyear {2013}}}}
! Undefined control sequence.
<argument> \hyper@natanchorstart 
                                 {colon2013effects\APAC@extra@b@citeb }\@bib...
l.129 colon2013effects}
                       
The control sequence at the end of the top line
of your error message was never \def'ed. If you have
misspelled it (e.g., `\hobx'), type `I' and the correct
spelling (e.g., `I\hbox'). Otherwise just continue,
and I'll forget about whatever was undefined.

! Undefined control sequence.
<argument> ...ACyear {2013}}}}\hyper@natanchorend 
                                                  
l.129 colon2013effects}
                       
The control sequence at the end of the top line
of your error message was never \def'ed. If you have
misspelled it (e.g., `\hobx'), type `I' and the correct
spelling (e.g., `I\hbox'). Otherwise just continue,
and I'll forget about whatever was undefined.

\bibcite{colon2013effects}{\citeauthoryear {Col{\'o}n-Gonz{\'a}lez, Fezzi, Lake
,{}\ \BBA{} Hunter}{Col{\'o}n-Gonz{\'a}lez\ \BOthers {.}}{{\APACyear {2013}}}}
\APACbibcite{colon2013effects}{\citeauthoryear {Col{\'o}n-Gonz{\'a}lez, Fezzi, 
Lake,{}\ \BBA{} Hunter}{Col{\'o}n-Gonz{\'a}lez\ \BOthers {.}}{{\APACyear {2013}
}}}
! Undefined control sequence.
<argument> \hyper@natanchorstart 
                                 {hii2012forecast\APAC@extra@b@citeb }\@bibl...
l.159 hii2012forecast}
                      
The control sequence at the end of the top line
of your error message was never \def'ed. If you have
misspelled it (e.g., `\hobx'), type `I' and the correct
spelling (e.g., `I\hbox'). Otherwise just continue,
and I'll forget about whatever was undefined.

! Undefined control sequence.
<argument> ...ACyear {2012}}}}\hyper@natanchorend 
                                                  
l.159 hii2012forecast}
                      
The control sequence at the end of the top line
of your error message was never \def'ed. If you have
misspelled it (e.g., `\hobx'), type `I' and the correct
spelling (e.g., `I\hbox'). Otherwise just continue,
and I'll forget about whatever was undefined.

\bibcite{hii2012forecast}{\citeauthoryear {Hii, Zhu, Ng, Ng,{}\ \BBA{} Rockl{\"
o}v}{Hii\ \BOthers {.}}{{\APACyear {2012}}}}
\APACbibcite{hii2012forecast}{\citeauthoryear {Hii, Zhu, Ng, Ng,{}\ \BBA{} Rock
l{\"o}v}{Hii\ \BOthers {.}}{{\APACyear {2012}}}}
! Undefined control sequence.
<argument> \hyper@natanchorstart 
                                 {lena2024\APAC@extra@b@citeb }\@biblabel {\...
l.187 lena2024}
               
The control sequence at the end of the top line
of your error message was never \def'ed. If you have
misspelled it (e.g., `\hobx'), type `I' and the correct
spelling (e.g., `I\hbox'). Otherwise just continue,
and I'll forget about whatever was undefined.

! Undefined control sequence.
<argument> ...ACyear {2024}}}}\hyper@natanchorend 
                                                  
l.187 lena2024}
               
The control sequence at the end of the top line
of your error message was never \def'ed. If you have
misspelled it (e.g., `\hobx'), type `I' and the correct
spelling (e.g., `I\hbox'). Otherwise just continue,
and I'll forget about whatever was undefined.

\bibcite{lena2024}{\citeauthoryear {Lena}{Lena}{{\APACyear {2024}}}}
\APACbibcite{lena2024}{\citeauthoryear {Lena}{Lena}{{\APACyear {2024}}}}
! Undefined control sequence.
<argument> \hyper@natanchorstart 
                                 {li2022applications\APAC@extra@b@citeb }\@b...
l.211 li2022applications}
                         
The control sequence at the end of the top line
of your error message was never \def'ed. If you have
misspelled it (e.g., `\hobx'), type `I' and the correct
spelling (e.g., `I\hbox'). Otherwise just continue,
and I'll forget about whatever was undefined.

! Undefined control sequence.
<argument> ...ACyear {2022}}}}\hyper@natanchorend 
                                                  
l.211 li2022applications}
                         
The control sequence at the end of the top line
of your error message was never \def'ed. If you have
misspelled it (e.g., `\hobx'), type `I' and the correct
spelling (e.g., `I\hbox'). Otherwise just continue,
and I'll forget about whatever was undefined.

\bibcite{li2022applications}{\citeauthoryear {Li\ \BOthers {.}}{Li\ \BOthers {.
}}{{\APACyear {2022}}}}
\APACbibcite{li2022applications}{\citeauthoryear {Li\ \BOthers {.}}{Li\ \BOther
s {.}}{{\APACyear {2022}}}}
! Undefined control sequence.
<argument> \hyper@natanchorstart 
                                 {ligue2022deep\APAC@extra@b@citeb }\@biblab...
l.245 ligue2022deep}
                    
The control sequence at the end of the top line
of your error message was never \def'ed. If you have
misspelled it (e.g., `\hobx'), type `I' and the correct
spelling (e.g., `I\hbox'). Otherwise just continue,
and I'll forget about whatever was undefined.

! Undefined control sequence.
<argument> ...ACyear {2022}}}}\hyper@natanchorend 
                                                  
l.245 ligue2022deep}
                    
The control sequence at the end of the top line
of your error message was never \def'ed. If you have
misspelled it (e.g., `\hobx'), type `I' and the correct
spelling (e.g., `I\hbox'). Otherwise just continue,
and I'll forget about whatever was undefined.

\bibcite{ligue2022deep}{\citeauthoryear {Ligue\ \BBA{} Ligue}{Ligue\ \BBA{} Lig
ue}{{\APACyear {2022}}}}
\APACbibcite{ligue2022deep}{\citeauthoryear {Ligue\ \BBA{} Ligue}{Ligue\ \BBA{}
 Ligue}{{\APACyear {2022}}}}
! Undefined control sequence.
<argument> \hyper@natanchorstart 
                                 {WHO2024\APAC@extra@b@citeb }\@biblabel {\p...
l.271 WHO2024}
              
The control sequence at the end of the top line
of your error message was never \def'ed. If you have
misspelled it (e.g., `\hobx'), type `I' and the correct
spelling (e.g., `I\hbox'). Otherwise just continue,
and I'll forget about whatever was undefined.

! Undefined control sequence.
<argument> ...ACyear {2024}}}}\hyper@natanchorend 
                                                  
l.271 WHO2024}
              
The control sequence at the end of the top line
of your error message was never \def'ed. If you have
misspelled it (e.g., `\hobx'), type `I' and the correct
spelling (e.g., `I\hbox'). Otherwise just continue,
and I'll forget about whatever was undefined.

\bibcite{WHO2024}{\citeauthoryear {Organization}{Organization}{{\APACyear {2024
}}}}
\APACbibcite{WHO2024}{\citeauthoryear {Organization}{Organization}{{\APACyear {
2024}}}}

Underfull \hbox (badness 1052) in paragraph at lines 275--287
\OT1/cmr/m/n/12 Use the date of ac-cess, from $\OT1/cmtt/m/n/12 https : / / www
 . who . int / news-[]room /
 []

! Undefined control sequence.
<argument> \hyper@natanchorstart 
                                 {rabdash\APAC@extra@b@citeb }\@biblabel {\p...
l.295 rabdash}
              
The control sequence at the end of the top line
of your error message was never \def'ed. If you have
misspelled it (e.g., `\hobx'), type `I' and the correct
spelling (e.g., `I\hbox'). Otherwise just continue,
and I'll forget about whatever was undefined.

! Undefined control sequence.
<argument> ...ACyear {2024}}}}\hyper@natanchorend 
                                                  
l.295 rabdash}
              
The control sequence at the end of the top line
of your error message was never \def'ed. If you have
misspelled it (e.g., `\hobx'), type `I' and the correct
spelling (e.g., `I\hbox'). Otherwise just continue,
and I'll forget about whatever was undefined.

\bibcite{rabdash}{\citeauthoryear {RabDashDC}{RabDashDC}{{\APACyear {2024}}}}
\APACbibcite{rabdash}{\citeauthoryear {RabDashDC}{RabDashDC}{{\APACyear {2024}}
}}
! Undefined control sequence.
\endthebibliography ->\bt@end@thb@hook 
                                       \def \@noitemerr {\@latex@warning {Em...
l.311 \end{thebibliography}
                           
The control sequence at the end of the top line
of your error message was never \def'ed. If you have
misspelled it (e.g., `\hobx'), type `I' and the correct
spelling (e.g., `I\hbox'). Otherwise just continue,
and I'll forget about whatever was undefined.

))
(C:\Users\carli\AppData\Local\Programs\MiKTeX\tex/latex/l3backend\l3backend-pdf
tex.def
File: l3backend-pdftex.def 2024-05-08 L3 backend support: PDF output (pdfTeX)
\l__color_backend_stack_int=\count300
\l__pdf_internal_box=\box59
)

LaTeX Warning: Unused global option(s):
    [onepage].

(main.aux (title_page.aux) (abstract.aux) (chapter_1.aux) (chapter_2.aux)
(chapter_3.aux))
\openout1 = `main.aux'.

LaTeX Font Info:    Checking defaults for OML/cmm/m/it on input line 6.
LaTeX Font Info:    ... okay on input line 6.
LaTeX Font Info:    Checking defaults for OMS/cmsy/m/n on input line 6.
LaTeX Font Info:    ... okay on input line 6.
LaTeX Font Info:    Checking defaults for OT1/cmr/m/n on input line 6.
LaTeX Font Info:    ... okay on input line 6.
LaTeX Font Info:    Checking defaults for T1/cmr/m/n on input line 6.
LaTeX Font Info:    ... okay on input line 6.
LaTeX Font Info:    Checking defaults for TS1/cmr/m/n on input line 6.
LaTeX Font Info:    ... okay on input line 6.
LaTeX Font Info:    Checking defaults for OMX/cmex/m/n on input line 6.
LaTeX Font Info:    ... okay on input line 6.
LaTeX Font Info:    Checking defaults for U/cmr/m/n on input line 6.
LaTeX Font Info:    ... okay on input line 6.

(C:\Users\carli\AppData\Local\Programs\MiKTeX\tex/context/base/mkii\supp-pdf.mk
ii
[Loading MPS to PDF converter (version 2006.09.02).]
\scratchcounter=\count301
\scratchdimen=\dimen179
\scratchbox=\box60
\nofMPsegments=\count302
\nofMParguments=\count303
\everyMPshowfont=\toks31
\MPscratchCnt=\count304
\MPscratchDim=\dimen180
\MPnumerator=\count305
\makeMPintoPDFobject=\count306
\everyMPtoPDFconversion=\toks32
)
(C:\Users\carli\AppData\Local\Programs\MiKTeX\tex/latex/epstopdf-pkg\epstopdf-b
ase.sty
Package: epstopdf-base 2020-01-24 v2.11 Base part for package epstopdf
Package epstopdf-base Info: Redefining graphics rule for `.eps' on input line 4
85.

(C:\Users\carli\AppData\Local\Programs\MiKTeX\tex/latex/00miktex\epstopdf-sys.c
fg
File: epstopdf-sys.cfg 2021/03/18 v2.0 Configuration of epstopdf for MiKTeX
))
(C:\Users\carli\AppData\Local\Programs\MiKTeX\tex/latex/pdflscape\pdflscape.sty
Package: pdflscape 2022-10-27 v0.13 Display of landscape pages in PDF

(C:\Users\carli\AppData\Local\Programs\MiKTeX\tex/latex/pdflscape\pdflscape-nom
etadata.sty
Package: pdflscape-nometadata 2022-10-28 v0.13 Display of landscape pages in PD
F (HO)

(C:\Users\carli\AppData\Local\Programs\MiKTeX\tex/generic/iftex\iftex.sty
Package: iftex 2022/02/03 v1.0f TeX engine tests
)
(C:\Users\carli\AppData\Local\Programs\MiKTeX\tex/latex/graphics\lscape.sty
Package: lscape 2020/05/28 v3.02 Landscape Pages (DPC)
)
Package pdflscape Info: Auto-detected driver: pdftex on input line 81.
))
\c@maskedRefs=\count307

(C:\Users\carli\AppData\Local\Programs\MiKTeX\tex/latex/apacite\english.apc
File: english.apc 2013/07/21 v6.03 apacite language file
LaTeX Info: Redefining \BPBI on input line 129.
LaTeX Info: Redefining \BHBI on input line 130.
)
Overfull \vbox (107.95464pt too high) has occurred while \output is active []



[1


{C:/Users/carli/AppData/Local/MiKTeX/fonts/map/pdftex/pdftex.map}]
\openout2 = `title_page.aux'.


(title_page.tex

[1

])
\openout2 = `abstract.aux'.

 (abstract.tex

[1



]) (main.toc)
\tf@toc=\write3
\openout3 = `main.toc'.



[2



] (main.lof)
\tf@lof=\write4
\openout4 = `main.lof'.



[3

] (main.lot)
\tf@lot=\write5
\openout5 = `main.lot'.



[4

]
\openout2 = `chapter_1.aux'.

 (chapter_1.tex
Chapter 1.


[1


]

[2]

[3]
Overfull \hbox (0.85988pt too wide) in paragraph at lines 70--71
[]\OT1/cmr/m/n/12 Public Health Agen-cies: Or-ga-ni-za-tions like the De-part-m
ent of Health (DOH)
 []

)

[4]
\openout2 = `chapter_2.aux'.

 (chapter_2.tex
Chapter 2.


[5




]

[6])

[7]
\openout2 = `chapter_3.aux'.

 (chapter_3.tex
Chapter 3.


[8




]

[9]
Overfull \hbox (22.48325pt too wide) in paragraph at lines 39--41
\OT1/cmr/m/n/12 The ap-pli-ca-tion in-cludes a Choro-pleth Map to dis-play case
 counts, uti-liz-ing Leaflet|an
 []



[10]

[11]

[12] (main.aux (title_page.aux) (abstract.aux) (chapter_1.aux) (chapter_2.aux)
(chapter_3.aux))
 ***********
LaTeX2e <2024-06-01> patch level 2
L3 programming layer <2024-08-16>
 ***********


LaTeX Warning: Label(s) may have changed. Rerun to get cross-references right.

 ) )
(\end occurred when \iftrue on line 22 was incomplete)
(\end occurred when \ifx on line 22 was incomplete)
(\end occurred when \ifnum on line 22 was incomplete) 
Here is how much of TeX's memory you used:
 6842 strings out of 473899
 110349 string characters out of 5726501
 1939960 words of memory out of 5000000
 29552 multiletter control sequences out of 15000+600000
 566637 words of font info for 68 fonts, out of 8000000 for 9000
 1143 hyphenation exceptions out of 8191
 79i,10n,84p,1300b,404s stack positions out of 10000i,1000n,20000p,200000b,200000s
 <C:\Users\carli\AppData\L
ocal\MiKTeX\fonts/pk/ljfour/jknappen/ec/dpi600\tcrm1200.pk><C:/Users/carli/AppD
ata/Local/Programs/MiKTeX/fonts/type1/public/amsfonts/cm/cmbx12.pfb><C:/Users/c
arli/AppData/Local/Programs/MiKTeX/fonts/type1/public/amsfonts/cm/cmcsc10.pfb><
C:/Users/carli/AppData/Local/Programs/MiKTeX/fonts/type1/public/amsfonts/cm/cmm
i12.pfb><C:/Users/carli/AppData/Local/Programs/MiKTeX/fonts/type1/public/amsfon
ts/cm/cmmi6.pfb><C:/Users/carli/AppData/Local/Programs/MiKTeX/fonts/type1/publi
c/amsfonts/cm/cmmi8.pfb><C:/Users/carli/AppData/Local/Programs/MiKTeX/fonts/typ
e1/public/amsfonts/cm/cmr12.pfb><C:/Users/carli/AppData/Local/Programs/MiKTeX/f
onts/type1/public/amsfonts/cm/cmr8.pfb><C:/Users/carli/AppData/Local/Programs/M
iKTeX/fonts/type1/public/amsfonts/cm/cmti12.pfb><C:/Users/carli/AppData/Local/P
rograms/MiKTeX/fonts/type1/public/amsfonts/cm/cmtt12.pfb>
Output written on main.pdf (18 pages, 164392 bytes).
PDF statistics:
 110 PDF objects out of 1000 (max. 8388607)
 0 named destinations out of 1000 (max. 500000)
 1 words of extra memory for PDF output out of 10000 (max. 10000000)

